2018-11-15 10:34:24.462616 - Getting theme
2018-11-15 10:34:24.462874 - Theme defaulted to blue
2018-11-15 10:34:24.462947 - theme cookie is blue
2018-11-15 10:34:40.487897 - Getting theme
2018-11-15 10:34:40.488158 - Theme defaulted to blue
2018-11-15 10:34:40.488275 - theme cookie is blue
2018-11-15 10:34:47.951342 - Getting theme
2018-11-15 10:34:47.951500 - Theme defaulted to blue
2018-11-15 10:34:47.951561 - theme cookie is blue
2018-11-15 10:34:49.535504 - Getting theme
2018-11-15 10:34:49.535674 - Theme defaulted to blue
2018-11-15 10:34:49.535736 - theme cookie is blue
2018-11-15 10:34:49.535884 - Root: /home/connor/Documents/smproject/SwissArmyAssistant
2018-11-15 10:34:49.535939 - Directory: Documents
2018-11-15 10:34:49.535984 - Path: /home/connor/Documents/smproject/SwissArmyAssistant/static/media/Documents
2018-11-15 10:34:49.536027 - Getting path
2018-11-15 10:34:49.536069 - Path: /home/connor/Documents/smproject/SwissArmyAssistant/static/media/Documents
2018-11-15 10:34:49.536111 - Directory: Documents
2018-11-15 10:34:49.536153 - Path: /static/media/Documents/
2018-11-15 10:34:49.536194 - Getting Short Path
2018-11-15 10:34:49.536235 - Short Path: /static/media/Documents/
2018-11-15 10:34:49.536329 - Root: /home/connor/Documents/smproject/SwissArmyAssistant
2018-11-15 10:34:49.536396 - Directory: Documents
2018-11-15 10:34:49.536440 - Path: /home/connor/Documents/smproject/SwissArmyAssistant/static/media/Documents
2018-11-15 10:35:02.614286 - Getting theme
2018-11-15 10:35:02.614445 - Theme defaulted to blue
2018-11-15 10:35:02.614518 - theme cookie is blue
2018-11-15 10:35:05.413904 - Getting theme
2018-11-15 10:35:05.414071 - Theme defaulted to blue
2018-11-15 10:35:05.414146 - theme cookie is blue
2018-11-15 10:35:08.140658 - Getting theme
2018-11-15 10:35:08.140859 - Theme defaulted to blue
2018-11-15 10:35:08.140939 - theme cookie is blue
2018-11-15 10:35:08.141148 - Getting theme
2018-11-15 10:35:08.141234 - Theme defaulted to blue
2018-11-15 10:35:08.141284 - theme cookie is blue
2018-11-15 10:35:10.014583 - Getting theme
2018-11-15 10:35:10.014748 - Theme defaulted to blue
2018-11-15 10:35:10.014823 - theme cookie is blue
2018-11-15 10:35:10.014986 - Root: /home/connor/Documents/smproject/SwissArmyAssistant
2018-11-15 10:35:10.015055 - Directory: Documents
2018-11-15 10:35:10.015112 - Path: /home/connor/Documents/smproject/SwissArmyAssistant/static/media/Documents
2018-11-15 10:35:10.015170 - Getting path
2018-11-15 10:35:10.015231 - Path: /home/connor/Documents/smproject/SwissArmyAssistant/static/media/Documents
2018-11-15 10:35:10.015291 - Directory: Documents
2018-11-15 10:35:10.015370 - Path: /static/media/Documents/
2018-11-15 10:35:10.015427 - Getting Short Path
2018-11-15 10:35:10.015483 - Short Path: /static/media/Documents/
2018-11-15 10:35:10.015604 - Root: /home/connor/Documents/smproject/SwissArmyAssistant
2018-11-15 10:35:10.015667 - Directory: Documents
2018-11-15 10:35:10.015726 - Path: /home/connor/Documents/smproject/SwissArmyAssistant/static/media/Documents
2018-11-15 10:35:11.714153 - Getting theme
2018-11-15 10:35:11.714323 - Theme defaulted to blue
2018-11-15 10:35:11.714398 - theme cookie is blue
2018-11-15 10:35:16.801741 - Getting theme
2018-11-15 10:35:16.801948 - Theme defaulted to blue
2018-11-15 10:35:16.802038 - theme cookie is blue
2018-11-15 10:35:18.799711 - Getting theme
2018-11-15 10:35:18.799881 - Theme defaulted to blue
2018-11-15 10:35:18.799956 - theme cookie is blue
2018-11-15 10:35:20.731889 - Getting theme
2018-11-15 10:35:20.732129 - Theme defaulted to blue
2018-11-15 10:35:20.732265 - theme cookie is blue
2018-11-15 10:35:34.141693 - Getting theme
2018-11-15 10:35:34.141913 - Theme defaulted to blue
2018-11-15 10:35:34.142018 - theme cookie is blue
2018-11-15 10:35:38.503679 - Getting theme
2018-11-15 10:35:38.505288 - Theme defaulted to blue
2018-11-15 10:35:38.505410 - theme cookie is blue
2018-11-15 10:37:22.162691 - Getting theme
2018-11-15 10:37:22.162965 - Theme defaulted to blue
2018-11-15 10:37:22.163060 - theme cookie is blue
2018-11-15 10:37:23.833810 - Getting theme
2018-11-15 10:37:23.834043 - Theme defaulted to blue
2018-11-15 10:37:23.834138 - theme cookie is blue
2018-11-15 10:37:25.742825 - Getting theme
2018-11-15 10:37:25.743043 - Theme defaulted to blue
2018-11-15 10:37:25.743157 - theme cookie is blue
2018-11-15 10:37:27.651219 - Getting theme
2018-11-15 10:37:27.651395 - Theme defaulted to blue
2018-11-15 10:37:27.651500 - theme cookie is blue
2018-11-15 10:43:30.045380 - Getting theme
2018-11-15 10:43:30.045628 - Theme defaulted to blue
2018-11-15 10:43:30.045744 - theme cookie is blue
2018-11-15 10:49:11.704318 - Getting theme
2018-11-15 10:49:11.704482 - Theme defaulted to blue
2018-11-15 10:49:11.704565 - theme cookie is blue
2018-11-15 10:49:13.709386 - Getting theme
2018-11-15 10:49:13.709639 - Theme defaulted to blue
2018-11-15 10:49:13.709743 - theme cookie is blue
2018-11-15 10:49:16.412251 - Getting theme
2018-11-15 10:49:16.412491 - Theme defaulted to blue
2018-11-15 10:49:16.412600 - theme cookie is blue
2018-11-15 10:49:18.491617 - Getting theme
2018-11-15 10:49:18.492143 - Theme defaulted to blue
2018-11-15 10:49:18.492376 - theme cookie is blue
2018-11-15 10:49:20.706485 - Getting theme
2018-11-15 10:49:20.706796 - Theme defaulted to blue
2018-11-15 10:49:20.706957 - theme cookie is blue
2018-11-15 10:51:20.986716 - Getting theme
2018-11-15 10:51:20.986925 - Theme defaulted to blue
2018-11-15 10:51:20.987031 - theme cookie is blue
2018-11-15 10:51:30.048056 - Getting theme
2018-11-15 10:51:30.048254 - Theme defaulted to blue
2018-11-15 10:51:30.048345 - theme cookie is blue
2018-11-15 10:52:04.678376 - Getting theme
2018-11-15 10:52:04.678572 - Theme defaulted to blue
2018-11-15 10:52:04.678817 - theme cookie is blue
2018-11-15 10:52:10.122415 - Getting theme
2018-11-15 10:52:10.122605 - Theme defaulted to blue
2018-11-15 10:52:10.122679 - theme cookie is blue
2018-11-15 10:52:12.059047 - Getting theme
2018-11-15 10:52:12.060836 - Theme defaulted to blue
2018-11-15 10:52:12.061071 - theme cookie is blue
2018-11-15 10:52:13.495131 - Getting theme
2018-11-15 10:52:13.495288 - Theme defaulted to blue
2018-11-15 10:52:13.495365 - theme cookie is blue
2018-11-15 10:52:14.637691 - Getting theme
2018-11-15 10:52:14.637960 - Theme defaulted to blue
2018-11-15 10:52:14.638083 - theme cookie is blue
2018-11-15 10:54:55.512819 - Getting theme
2018-11-15 10:54:55.513026 - Theme defaulted to blue
2018-11-15 10:54:55.513091 - theme cookie is blue
2018-11-15 10:56:07.232885 - Getting theme
2018-11-15 10:56:07.233087 - Theme defaulted to blue
2018-11-15 10:56:07.233187 - theme cookie is blue
2018-11-15 10:56:07.233360 - Root: /home/connor/Documents/smproject/SwissArmyAssistant
2018-11-15 10:56:07.233452 - Directory: Documents
2018-11-15 10:56:07.233504 - Path: /home/connor/Documents/smproject/SwissArmyAssistant/static/media/Documents
2018-11-15 10:56:07.233550 - Getting path
2018-11-15 10:56:07.233594 - Path: /home/connor/Documents/smproject/SwissArmyAssistant/static/media/Documents
2018-11-15 10:56:07.233648 - Directory: Documents
2018-11-15 10:56:07.233700 - Path: /static/media/Documents/
2018-11-15 10:56:07.233752 - Getting Short Path
2018-11-15 10:56:07.233794 - Short Path: /static/media/Documents/
2018-11-15 10:56:07.233894 - Root: /home/connor/Documents/smproject/SwissArmyAssistant
2018-11-15 10:56:07.233941 - Directory: Documents
2018-11-15 10:56:07.233981 - Path: /home/connor/Documents/smproject/SwissArmyAssistant/static/media/Documents
2018-11-15 10:56:09.788442 - Getting theme
2018-11-15 10:56:09.788641 - Theme defaulted to blue
2018-11-15 10:56:09.788717 - theme cookie is blue
2018-11-15 10:56:24.584246 - Getting theme
2018-11-15 10:56:24.584409 - Theme defaulted to blue
2018-11-15 10:56:24.584477 - theme cookie is blue
2018-11-15 11:00:39.316596 - Getting theme
2018-11-15 11:00:39.316749 - Theme defaulted to blue
2018-11-15 11:00:39.316827 - theme cookie is blue
2018-11-15 11:06:17.909173 - Getting theme
2018-11-15 11:06:17.909345 - Theme defaulted to blue
2018-11-15 11:06:17.909404 - theme cookie is blue
2018-11-15 11:07:30.520495 - Getting theme
2018-11-15 11:07:30.520726 - Theme defaulted to blue
2018-11-15 11:07:30.520826 - theme cookie is blue
2018-11-15 11:07:48.611816 - Getting theme
2018-11-15 11:07:48.611976 - Theme defaulted to blue
2018-11-15 11:07:48.612035 - theme cookie is blue
2018-11-15 11:12:23.192366 - Getting theme
2018-11-15 11:12:23.192527 - Theme defaulted to blue
2018-11-15 11:12:23.192588 - theme cookie is blue
2018-11-15 11:12:25.712485 - Getting theme
2018-11-15 11:12:25.712736 - Theme defaulted to blue
2018-11-15 11:12:25.712812 - theme cookie is blue
2018-11-15 11:12:27.810213 - Getting theme
2018-11-15 11:12:27.810396 - Theme defaulted to blue
2018-11-15 11:12:27.810473 - theme cookie is blue
2018-11-15 11:12:27.810674 - Getting theme
2018-11-15 11:12:27.810742 - Theme defaulted to blue
2018-11-15 11:12:27.810790 - theme cookie is blue
2018-11-15 11:12:29.446493 - Getting theme
2018-11-15 11:12:29.446647 - Theme defaulted to blue
2018-11-15 11:12:29.446720 - theme cookie is blue
2018-11-15 11:12:29.446840 - Root: /home/connor/Documents/smproject/SwissArmyAssistant
2018-11-15 11:12:29.446894 - Directory: Documents
2018-11-15 11:12:29.446938 - Path: /home/connor/Documents/smproject/SwissArmyAssistant/static/media/Documents
2018-11-15 11:12:29.446980 - Getting path
2018-11-15 11:12:29.447022 - Path: /home/connor/Documents/smproject/SwissArmyAssistant/static/media/Documents
2018-11-15 11:12:29.447062 - Directory: Documents
2018-11-15 11:12:29.447103 - Path: /static/media/Documents/
2018-11-15 11:12:29.447143 - Getting Short Path
2018-11-15 11:12:29.447183 - Short Path: /static/media/Documents/
2018-11-15 11:12:29.447271 - Root: /home/connor/Documents/smproject/SwissArmyAssistant
2018-11-15 11:12:29.447317 - Directory: Documents
2018-11-15 11:12:29.447357 - Path: /home/connor/Documents/smproject/SwissArmyAssistant/static/media/Documents
2018-11-15 11:12:30.981922 - Getting theme
2018-11-15 11:12:30.982101 - Theme defaulted to blue
2018-11-15 11:12:30.982186 - theme cookie is blue
2018-11-15 11:12:32.735574 - Getting theme
2018-11-15 11:12:32.735837 - Theme defaulted to blue
2018-11-15 11:12:32.735956 - theme cookie is blue
2018-11-15 11:12:34.629016 - Getting theme
2018-11-15 11:12:34.629182 - Theme defaulted to blue
2018-11-15 11:12:34.629249 - theme cookie is blue
2018-11-15 11:12:52.686835 - Getting theme
2018-11-15 11:12:52.687024 - Theme defaulted to blue
2018-11-15 11:12:52.687106 - theme cookie is blue
2018-11-15 11:12:55.185456 - Getting theme
2018-11-15 11:12:55.185613 - Theme defaulted to blue
2018-11-15 11:12:55.185687 - theme cookie is blue
2018-11-15 11:12:58.094236 - Getting theme
2018-11-15 11:12:58.094562 - Theme defaulted to blue
2018-11-15 11:12:58.094686 - theme cookie is blue
2018-11-15 11:12:58.094968 - Root: /home/connor/Documents/smproject/SwissArmyAssistant
2018-11-15 11:12:58.095084 - Directory: Documents
2018-11-15 11:12:58.095173 - Path: /home/connor/Documents/smproject/SwissArmyAssistant/static/media/Documents
2018-11-15 11:12:58.095258 - Getting path
2018-11-15 11:12:58.095345 - Path: /home/connor/Documents/smproject/SwissArmyAssistant/static/media/Documents
2018-11-15 11:12:58.095428 - Directory: Documents
2018-11-15 11:12:58.095506 - Path: /static/media/Documents/
2018-11-15 11:12:58.095580 - Getting Short Path
2018-11-15 11:12:58.095654 - Short Path: /static/media/Documents/
2018-11-15 11:12:58.095830 - Root: /home/connor/Documents/smproject/SwissArmyAssistant
2018-11-15 11:12:58.095917 - Directory: Documents
2018-11-15 11:12:58.095994 - Path: /home/connor/Documents/smproject/SwissArmyAssistant/static/media/Documents
2018-11-15 11:13:00.416496 - Getting theme
2018-11-15 11:13:00.416662 - Theme defaulted to blue
2018-11-15 11:13:00.416743 - theme cookie is blue
2018-11-15 11:13:17.471164 - Getting theme
2018-11-15 11:13:17.471347 - Theme defaulted to blue
2018-11-15 11:13:17.471421 - theme cookie is blue
2018-11-15 11:13:19.050209 - Getting theme
2018-11-15 11:13:19.050447 - Theme defaulted to blue
2018-11-15 11:13:19.050547 - theme cookie is blue
2018-11-15 11:13:22.290399 - Getting theme
2018-11-15 11:13:22.290558 - Theme defaulted to blue
2018-11-15 11:13:22.290636 - theme cookie is blue
2018-11-15 11:13:24.437256 - Getting theme
2018-11-15 11:13:24.437418 - Theme defaulted to blue
2018-11-15 11:13:24.437485 - theme cookie is blue
2018-11-15 11:13:26.115445 - Getting theme
2018-11-15 11:13:26.115623 - Theme defaulted to blue
2018-11-15 11:13:26.115709 - theme cookie is blue
2018-11-15 11:13:26.115913 - Getting theme
2018-11-15 11:13:26.115979 - Theme defaulted to blue
2018-11-15 11:13:26.116025 - theme cookie is blue
2018-11-15 11:13:27.533598 - Getting theme
2018-11-15 11:13:27.533792 - Theme defaulted to blue
2018-11-15 11:13:27.533877 - theme cookie is blue
2018-11-15 11:13:27.534073 - Root: /home/connor/Documents/smproject/SwissArmyAssistant
2018-11-15 11:13:27.534161 - Directory: Documents
2018-11-15 11:13:27.534235 - Path: /home/connor/Documents/smproject/SwissArmyAssistant/static/media/Documents
2018-11-15 11:13:27.534298 - Getting path
2018-11-15 11:13:27.534364 - Path: /home/connor/Documents/smproject/SwissArmyAssistant/static/media/Documents
2018-11-15 11:13:27.534426 - Directory: Documents
2018-11-15 11:13:27.534498 - Path: /static/media/Documents/
2018-11-15 11:13:27.534555 - Getting Short Path
2018-11-15 11:13:27.534612 - Short Path: /static/media/Documents/
2018-11-15 11:13:27.534746 - Root: /home/connor/Documents/smproject/SwissArmyAssistant
2018-11-15 11:13:27.534819 - Directory: Documents
2018-11-15 11:13:27.534890 - Path: /home/connor/Documents/smproject/SwissArmyAssistant/static/media/Documents
2018-11-15 11:13:29.180127 - Getting theme
2018-11-15 11:13:29.180331 - Theme defaulted to blue
2018-11-15 11:13:29.180420 - theme cookie is blue
2018-11-15 11:13:30.635329 - Getting theme
2018-11-15 11:13:30.635502 - Theme defaulted to blue
2018-11-15 11:13:30.635587 - theme cookie is blue
2018-11-15 11:13:32.129316 - Getting theme
2018-11-15 11:13:32.129480 - Theme defaulted to blue
2018-11-15 11:13:32.129561 - theme cookie is blue
2018-11-15 11:13:35.542608 - Getting theme
2018-11-15 11:13:35.542845 - Theme defaulted to blue
2018-11-15 11:13:35.542956 - theme cookie is blue
2018-11-15 11:13:38.408646 - Getting theme
2018-11-15 11:13:38.408860 - Theme defaulted to blue
2018-11-15 11:13:38.408997 - theme cookie is blue
2018-11-15 11:13:50.728992 - Getting theme
2018-11-15 11:13:50.729161 - Theme defaulted to blue
2018-11-15 11:13:50.729235 - theme cookie is blue
2018-11-15 11:13:53.785950 - Getting theme
2018-11-15 11:13:53.786167 - Theme defaulted to blue
2018-11-15 11:13:53.786254 - theme cookie is blue
2018-11-15 11:13:53.786414 - Root: /home/connor/Documents/smproject/SwissArmyAssistant
2018-11-15 11:13:53.786474 - Directory: Documents
2018-11-15 11:13:53.786518 - Path: /home/connor/Documents/smproject/SwissArmyAssistant/static/media/Documents
2018-11-15 11:13:53.786558 - Getting path
2018-11-15 11:13:53.786597 - Path: /home/connor/Documents/smproject/SwissArmyAssistant/static/media/Documents
2018-11-15 11:13:53.786635 - Directory: Documents
2018-11-15 11:13:53.786674 - Path: /static/media/Documents/
2018-11-15 11:13:53.786711 - Getting Short Path
2018-11-15 11:13:53.786749 - Short Path: /static/media/Documents/
2018-11-15 11:13:53.786836 - Root: /home/connor/Documents/smproject/SwissArmyAssistant
2018-11-15 11:13:53.786880 - Directory: Documents
2018-11-15 11:13:53.786922 - Path: /home/connor/Documents/smproject/SwissArmyAssistant/static/media/Documents
2018-11-15 11:13:56.312338 - Getting theme
2018-11-15 11:13:56.312502 - Theme defaulted to blue
2018-11-15 11:13:56.312572 - theme cookie is blue
2018-11-15 11:13:56.312706 - Root: /home/connor/Documents/smproject/SwissArmyAssistant
2018-11-15 11:13:56.312762 - Directory: Documents
2018-11-15 11:13:56.312805 - Path: /home/connor/Documents/smproject/SwissArmyAssistant/static/media/Documents
2018-11-15 11:13:56.312845 - Getting path
2018-11-15 11:13:56.312886 - Path: /home/connor/Documents/smproject/SwissArmyAssistant/static/media/Documents
2018-11-15 11:13:56.312926 - Directory: Documents
2018-11-15 11:13:56.312982 - Path: /static/media/Documents/
2018-11-15 11:13:56.313043 - Getting Short Path
2018-11-15 11:13:56.313120 - Short Path: /static/media/Documents/
2018-11-15 11:13:56.313224 - Root: /home/connor/Documents/smproject/SwissArmyAssistant
2018-11-15 11:13:56.313293 - Directory: Documents
2018-11-15 11:13:56.313336 - Path: /home/connor/Documents/smproject/SwissArmyAssistant/static/media/Documents
2018-11-15 11:16:00.848527 - Getting theme
2018-11-15 11:16:00.848782 - Theme defaulted to blue
2018-11-15 11:16:00.848881 - theme cookie is blue
2018-11-15 11:16:04.006888 - Getting theme
2018-11-15 11:16:04.007059 - Theme defaulted to blue
2018-11-15 11:16:04.007134 - theme cookie is blue
2018-11-15 11:16:04.007296 - Root: /home/connor/Documents/smproject/SwissArmyAssistant
2018-11-15 11:16:04.007355 - Directory: Documents
2018-11-15 11:16:04.007401 - Path: /home/connor/Documents/smproject/SwissArmyAssistant/static/media/Documents
2018-11-15 11:16:04.007444 - Getting path
2018-11-15 11:16:04.007487 - Path: /home/connor/Documents/smproject/SwissArmyAssistant/static/media/Documents
2018-11-15 11:16:04.007531 - Directory: Documents
2018-11-15 11:16:04.007590 - Path: /static/media/Documents/
2018-11-15 11:16:04.007633 - Getting Short Path
2018-11-15 11:16:04.007674 - Short Path: /static/media/Documents/
2018-11-15 11:16:04.007776 - Root: /home/connor/Documents/smproject/SwissArmyAssistant
2018-11-15 11:16:04.007821 - Directory: Documents
2018-11-15 11:16:04.007861 - Path: /home/connor/Documents/smproject/SwissArmyAssistant/static/media/Documents
2018-11-15 11:16:06.601609 - Getting theme
2018-11-15 11:16:06.601778 - Theme defaulted to blue
2018-11-15 11:16:06.601844 - theme cookie is blue
2018-11-15 11:16:10.690763 - Getting theme
2018-11-15 11:16:10.690935 - Theme defaulted to blue
2018-11-15 11:16:10.691031 - theme cookie is blue
2018-11-15 11:16:14.241281 - Getting theme
2018-11-15 11:16:14.241510 - Theme defaulted to blue
2018-11-15 11:16:14.241614 - theme cookie is blue
2018-11-15 11:16:27.128983 - Getting theme
2018-11-15 11:16:27.129246 - Theme defaulted to blue
2018-11-15 11:16:27.129337 - theme cookie is blue
2018-11-15 11:17:43.646025 - Getting theme
2018-11-15 11:17:43.646552 - Theme defaulted to blue
2018-11-15 11:17:43.646618 - theme cookie is blue
2018-11-15 11:18:53.160494 - Getting theme
2018-11-15 11:18:53.160703 - Theme defaulted to blue
2018-11-15 11:18:53.160774 - theme cookie is blue
2018-11-15 11:18:53.160933 - Root: /home/connor/Documents/smproject/SwissArmyAssistant
2018-11-15 11:18:53.161008 - Directory: Documents
2018-11-15 11:18:53.161057 - Path: /home/connor/Documents/smproject/SwissArmyAssistant/static/media/Documents
2018-11-15 11:18:53.161103 - Getting path
2018-11-15 11:18:53.161149 - Path: /home/connor/Documents/smproject/SwissArmyAssistant/static/media/Documents
2018-11-15 11:18:53.161194 - Directory: Documents
2018-11-15 11:18:53.161237 - Path: /static/media/Documents/
2018-11-15 11:18:53.161289 - Getting Short Path
2018-11-15 11:18:53.161331 - Short Path: /static/media/Documents/
2018-11-15 11:18:53.161423 - Root: /home/connor/Documents/smproject/SwissArmyAssistant
2018-11-15 11:18:53.161469 - Directory: Documents
2018-11-15 11:18:53.161511 - Path: /home/connor/Documents/smproject/SwissArmyAssistant/static/media/Documents
2018-11-15 11:18:54.579597 - Getting theme
2018-11-15 11:18:54.579758 - Theme defaulted to blue
2018-11-15 11:18:54.579817 - theme cookie is blue
2018-11-15 11:18:59.260392 - Getting theme
2018-11-15 11:18:59.260572 - Theme defaulted to blue
2018-11-15 11:18:59.260651 - theme cookie is blue
2018-11-15 11:19:01.975148 - Getting theme
2018-11-15 11:19:01.975324 - Theme defaulted to blue
2018-11-15 11:19:01.975402 - theme cookie is blue
2018-11-15 11:19:04.784278 - Getting theme
2018-11-15 11:19:04.784427 - Theme defaulted to blue
2018-11-15 11:19:04.784501 - theme cookie is blue
2018-11-15 11:21:51.084520 - Getting theme
2018-11-15 11:21:51.084703 - Theme defaulted to blue
2018-11-15 11:21:51.084787 - theme cookie is blue
2018-11-15 11:21:56.092545 - Getting theme
2018-11-15 11:21:56.092705 - Theme defaulted to blue
2018-11-15 11:21:56.092776 - theme cookie is blue
2018-11-15 11:25:41.202935 - Getting theme
2018-11-15 11:25:41.203162 - Theme defaulted to blue
2018-11-15 11:25:41.203269 - theme cookie is blue
2018-11-15 11:25:43.363376 - Getting theme
2018-11-15 11:25:43.363526 - Theme defaulted to blue
2018-11-15 11:25:43.363580 - theme cookie is blue
2018-11-15 11:30:40.447115 - Getting theme
2018-11-15 11:30:40.447290 - Theme defaulted to blue
2018-11-15 11:30:40.447364 - theme cookie is blue
2018-11-15 11:30:42.860083 - Getting theme
2018-11-15 11:30:42.860268 - Theme defaulted to blue
2018-11-15 11:30:42.860345 - theme cookie is blue
2018-11-15 11:30:42.860497 - Root: /home/connor/Documents/smproject/SwissArmyAssistant
2018-11-15 11:30:42.860554 - Directory: Documents
2018-11-15 11:30:42.860617 - Path: /home/connor/Documents/smproject/SwissArmyAssistant/static/media/Documents
2018-11-15 11:30:42.860691 - Getting path
2018-11-15 11:30:42.860757 - Path: /home/connor/Documents/smproject/SwissArmyAssistant/static/media/Documents
2018-11-15 11:30:42.860823 - Directory: Documents
2018-11-15 11:30:42.860893 - Path: /static/media/Documents/
2018-11-15 11:30:42.860947 - Getting Short Path
2018-11-15 11:30:42.861016 - Short Path: /static/media/Documents/
2018-11-15 11:30:42.861118 - Root: /home/connor/Documents/smproject/SwissArmyAssistant
2018-11-15 11:30:42.861164 - Directory: Documents
2018-11-15 11:30:42.861205 - Path: /home/connor/Documents/smproject/SwissArmyAssistant/static/media/Documents
2018-11-15 11:30:46.328660 - Getting theme
2018-11-15 11:30:46.328814 - Theme defaulted to blue
2018-11-15 11:30:46.328869 - theme cookie is blue
2018-11-15 11:30:47.958701 - Getting theme
2018-11-15 11:30:47.958892 - Theme defaulted to blue
2018-11-15 11:30:47.958981 - theme cookie is blue
2018-11-15 11:30:52.389151 - Getting theme
2018-11-15 11:30:52.389368 - Theme defaulted to blue
2018-11-15 11:30:52.389460 - theme cookie is blue
2018-11-15 11:30:54.440856 - Getting theme
2018-11-15 11:30:54.441086 - Theme defaulted to blue
2018-11-15 11:30:54.441186 - theme cookie is blue
2018-11-15 11:30:55.650205 - Getting theme
2018-11-15 11:30:55.650351 - Theme defaulted to blue
2018-11-15 11:30:55.650405 - theme cookie is blue
2018-11-15 11:30:55.650522 - Root: /home/connor/Documents/smproject/SwissArmyAssistant
2018-11-15 11:30:55.650614 - Directory: Documents
2018-11-15 11:30:55.650675 - Path: /home/connor/Documents/smproject/SwissArmyAssistant/static/media/Documents
2018-11-15 11:30:55.650736 - Getting path
2018-11-15 11:30:55.650788 - Path: /home/connor/Documents/smproject/SwissArmyAssistant/static/media/Documents
2018-11-15 11:30:55.650857 - Directory: Documents
2018-11-15 11:30:55.650923 - Path: /static/media/Documents/
2018-11-15 11:30:55.650981 - Getting Short Path
2018-11-15 11:30:55.651037 - Short Path: /static/media/Documents/
2018-11-15 11:30:55.651164 - Root: /home/connor/Documents/smproject/SwissArmyAssistant
2018-11-15 11:30:55.651232 - Directory: Documents
2018-11-15 11:30:55.651312 - Path: /home/connor/Documents/smproject/SwissArmyAssistant/static/media/Documents
2018-11-15 11:30:56.779490 - Getting theme
2018-11-15 11:30:56.779626 - Theme defaulted to blue
2018-11-15 11:30:56.779679 - theme cookie is blue
2018-11-15 11:30:56.779820 - Getting theme
2018-11-15 11:30:56.779877 - Theme defaulted to blue
2018-11-15 11:30:56.779918 - theme cookie is blue
2018-11-15 11:30:57.912391 - Getting theme
2018-11-15 11:30:57.912579 - Theme defaulted to blue
2018-11-15 11:30:57.912654 - theme cookie is blue
2018-11-15 11:30:59.146641 - Getting theme
2018-11-15 11:30:59.146789 - Theme defaulted to blue
2018-11-15 11:30:59.146844 - theme cookie is blue
2018-11-15 11:31:00.240470 - Getting theme
2018-11-15 11:31:00.240679 - Theme defaulted to blue
2018-11-15 11:31:00.240774 - theme cookie is blue
2018-11-15 11:31:02.415443 - Getting theme
2018-11-15 11:31:02.415598 - Theme defaulted to blue
2018-11-15 11:31:02.415672 - theme cookie is blue
2018-11-15 11:31:24.266039 - Getting theme
2018-11-15 11:31:24.266216 - Theme defaulted to blue
2018-11-15 11:31:24.266275 - theme cookie is blue
2018-11-15 11:31:27.824025 - Setting theme
2018-11-15 11:31:27.824782 - Theme requested is red
2018-11-15 11:31:27.825450 - Response created
2018-11-15 11:31:27.825696 - Cookie set to red
2018-11-15 11:31:30.375745 - Getting theme
2018-11-15 11:31:30.375973 - theme cookie is red
2018-11-15 11:31:34.723701 - Getting theme
2018-11-15 11:31:34.723901 - theme cookie is red
2018-11-15 11:31:36.706649 - Getting theme
2018-11-15 11:31:36.706982 - theme cookie is red
2018-11-15 11:31:36.707360 - Getting theme
2018-11-15 11:31:36.707534 - theme cookie is red
2018-11-15 11:31:41.633452 - Getting theme
2018-11-15 11:31:41.633669 - theme cookie is red
2018-11-15 11:31:46.266970 - Setting theme
2018-11-15 11:31:46.267364 - Theme requested is dark
2018-11-15 11:31:46.267831 - Response created
2018-11-15 11:31:46.268008 - Cookie set to dark
2018-11-15 11:31:48.475170 - Getting theme
2018-11-15 11:31:48.475392 - theme cookie is dark
2018-11-15 11:31:57.386613 - Getting theme
2018-11-15 11:31:57.387483 - theme cookie is dark
2018-11-15 11:35:48.819436 - Getting theme
2018-11-15 11:35:48.819650 - theme cookie is dark
2018-11-15 11:35:52.927553 - Getting theme
2018-11-15 11:35:52.927784 - theme cookie is dark
2018-11-15 11:35:56.268969 - Getting theme
2018-11-15 11:35:56.269376 - theme cookie is dark
2018-11-15 11:35:56.270195 - Getting theme
2018-11-15 11:35:56.270351 - theme cookie is dark
2018-11-15 11:35:58.060922 - Getting theme
2018-11-15 11:35:58.061139 - theme cookie is dark
2018-11-15 11:35:58.061301 - Root: /home/connor/Documents/smproject/SwissArmyAssistant
2018-11-15 11:35:58.061364 - Directory: Documents
2018-11-15 11:35:58.061412 - Path: /home/connor/Documents/smproject/SwissArmyAssistant/static/media/Documents
2018-11-15 11:35:58.061456 - Getting path
2018-11-15 11:35:58.061497 - Path: /home/connor/Documents/smproject/SwissArmyAssistant/static/media/Documents
2018-11-15 11:35:58.061537 - Directory: Documents
2018-11-15 11:35:58.061577 - Path: /static/media/Documents/
2018-11-15 11:35:58.061616 - Getting Short Path
2018-11-15 11:35:58.061655 - Short Path: /static/media/Documents/
2018-11-15 11:35:58.061750 - Root: /home/connor/Documents/smproject/SwissArmyAssistant
2018-11-15 11:35:58.061794 - Directory: Documents
2018-11-15 11:35:58.061833 - Path: /home/connor/Documents/smproject/SwissArmyAssistant/static/media/Documents
2018-11-15 11:35:59.411336 - Getting theme
2018-11-15 11:35:59.411545 - theme cookie is dark
2018-11-15 11:36:00.667049 - Getting theme
2018-11-15 11:36:00.667272 - theme cookie is dark
2018-11-15 11:36:00.667480 - Root: /home/connor/Documents/smproject/SwissArmyAssistant
2018-11-15 11:36:00.667561 - Directory: Documents
2018-11-15 11:36:00.667614 - Path: /home/connor/Documents/smproject/SwissArmyAssistant/static/media/Documents
2018-11-15 11:36:00.667659 - Getting path
2018-11-15 11:36:00.667703 - Path: /home/connor/Documents/smproject/SwissArmyAssistant/static/media/Documents
2018-11-15 11:36:00.667747 - Directory: Documents
2018-11-15 11:36:00.667790 - Path: /static/media/Documents/
2018-11-15 11:36:00.667832 - Getting Short Path
2018-11-15 11:36:00.667874 - Short Path: /static/media/Documents/
2018-11-15 11:36:00.667975 - Root: /home/connor/Documents/smproject/SwissArmyAssistant
2018-11-15 11:36:00.668040 - Directory: Documents
2018-11-15 11:36:00.668118 - Path: /home/connor/Documents/smproject/SwissArmyAssistant/static/media/Documents
2018-11-15 11:36:23.946495 - Getting theme
2018-11-15 11:36:23.946674 - theme cookie is dark
2018-11-15 11:36:25.742097 - Getting theme
2018-11-15 11:36:25.742337 - theme cookie is dark
2018-11-15 11:36:25.742551 - Root: /home/connor/Documents/smproject/SwissArmyAssistant
2018-11-15 11:36:25.742639 - Directory: Documents
2018-11-15 11:36:25.742712 - Path: /home/connor/Documents/smproject/SwissArmyAssistant/static/media/Documents
2018-11-15 11:36:25.742772 - Getting path
2018-11-15 11:36:25.742832 - Path: /home/connor/Documents/smproject/SwissArmyAssistant/static/media/Documents
2018-11-15 11:36:25.742893 - Directory: Documents
2018-11-15 11:36:25.742957 - Path: /static/media/Documents/
2018-11-15 11:36:25.743024 - Getting Short Path
2018-11-15 11:36:25.743079 - Short Path: /static/media/Documents/
2018-11-15 11:36:25.743219 - Root: /home/connor/Documents/smproject/SwissArmyAssistant
2018-11-15 11:36:25.743292 - Directory: Documents
2018-11-15 11:36:25.743353 - Path: /home/connor/Documents/smproject/SwissArmyAssistant/static/media/Documents
2018-11-15 11:36:27.480405 - Getting theme
2018-11-15 11:36:27.480568 - theme cookie is dark
2018-11-15 11:36:34.553624 - Getting theme
2018-11-15 11:36:34.553823 - theme cookie is dark
2018-11-15 11:38:56.088333 - Getting theme
2018-11-15 11:38:56.088535 - theme cookie is dark
2018-11-15 11:39:00.270455 - Getting theme
2018-11-15 11:39:00.270628 - theme cookie is dark
2018-11-15 11:39:02.646685 - Getting theme
2018-11-15 11:39:02.646899 - theme cookie is dark
2018-11-15 11:39:08.695995 - Getting theme
2018-11-15 11:39:08.696190 - theme cookie is dark
2018-11-15 11:39:08.696413 - Getting theme
2018-11-15 11:39:08.696486 - theme cookie is dark
2018-11-15 11:39:14.172348 - Getting theme
2018-11-15 11:39:14.172538 - theme cookie is dark
2018-11-15 11:39:16.444812 - Setting theme
2018-11-15 11:39:16.445300 - Theme requested is blue
2018-11-15 11:39:16.445800 - Response created
2018-11-15 11:39:16.446051 - Cookie set to blue
2018-11-15 11:39:18.750107 - Getting theme
2018-11-15 11:39:18.750292 - theme cookie is blue
2018-11-15 11:39:22.115006 - Getting theme
2018-11-15 11:39:22.115173 - theme cookie is blue
2018-11-15 11:39:31.718757 - Getting theme
2018-11-15 11:39:31.718975 - theme cookie is blue
2018-11-15 11:39:35.452593 - Setting theme
2018-11-15 11:39:35.452948 - Theme requested is dark
2018-11-15 11:39:35.453458 - Response created
2018-11-15 11:39:35.453636 - Cookie set to dark
2018-11-15 11:39:38.100740 - Getting theme
2018-11-15 11:39:38.100910 - theme cookie is dark
2018-11-15 11:39:41.042607 - Getting theme
2018-11-15 11:39:41.042820 - theme cookie is dark
2018-11-15 11:39:43.008282 - Getting theme
2018-11-15 11:39:43.008483 - theme cookie is dark
2018-11-15 11:39:48.912895 - Getting theme
2018-11-15 11:39:48.913156 - theme cookie is dark
2018-11-15 11:49:36.126470 - Getting theme
2018-11-15 11:49:36.126703 - theme cookie is dark
2018-11-15 11:49:40.343326 - Setting theme
2018-11-15 11:49:40.343840 - Theme requested is highC
2018-11-15 11:49:40.344331 - Response created
2018-11-15 11:49:40.344543 - Cookie set to highC
2018-11-15 11:49:42.214397 - Getting theme
2018-11-15 11:49:42.214580 - theme cookie is highC
2018-11-15 11:49:49.456900 - Getting theme
2018-11-15 11:49:49.457283 - theme cookie is highC
2018-11-15 11:49:51.684821 - Getting theme
2018-11-15 11:49:51.685057 - theme cookie is highC
2018-11-15 11:49:51.685316 - Getting theme
2018-11-15 11:49:51.685398 - theme cookie is highC
2018-11-15 11:49:53.754421 - Getting theme
2018-11-15 11:49:53.754711 - theme cookie is highC
2018-11-15 11:49:53.755027 - Root: /home/connor/Documents/smproject/SwissArmyAssistant
2018-11-15 11:49:53.755379 - Directory: Documents
2018-11-15 11:49:53.755786 - Path: /home/connor/Documents/smproject/SwissArmyAssistant/static/media/Documents
2018-11-15 11:49:53.755906 - Getting path
2018-11-15 11:49:53.756008 - Path: /home/connor/Documents/smproject/SwissArmyAssistant/static/media/Documents
2018-11-15 11:49:53.756101 - Directory: Documents
2018-11-15 11:49:53.756181 - Path: /static/media/Documents/
2018-11-15 11:49:53.756236 - Getting Short Path
2018-11-15 11:49:53.756283 - Short Path: /static/media/Documents/
2018-11-15 11:49:53.756421 - Root: /home/connor/Documents/smproject/SwissArmyAssistant
2018-11-15 11:49:53.756502 - Directory: Documents
2018-11-15 11:49:53.756579 - Path: /home/connor/Documents/smproject/SwissArmyAssistant/static/media/Documents
2018-11-15 11:49:55.777966 - Getting theme
2018-11-15 11:49:55.778141 - theme cookie is highC
2018-11-15 11:49:55.778328 - Getting theme
2018-11-15 11:49:55.778394 - theme cookie is highC
2018-11-15 11:50:02.399313 - Getting theme
2018-11-15 11:50:02.399474 - theme cookie is highC
2018-11-15 11:50:11.264949 - Getting theme
2018-11-15 11:50:11.265157 - theme cookie is highC
2018-11-15 11:50:11.265357 - Getting theme
2018-11-15 11:50:11.265421 - theme cookie is highC
2018-11-15 11:51:06.249872 - Getting theme
2018-11-15 11:51:06.250067 - theme cookie is highC
2018-11-15 11:51:08.660106 - Getting theme
2018-11-15 11:51:08.660346 - theme cookie is highC
2018-11-15 11:51:11.861489 - Getting theme
2018-11-15 11:51:11.861729 - theme cookie is highC
2018-11-15 11:51:15.860517 - Getting theme
2018-11-15 11:51:15.860698 - theme cookie is highC
2018-11-15 11:51:58.197028 - Getting theme
2018-11-15 11:51:58.197251 - theme cookie is highC
2018-11-15 11:52:02.474371 - Getting theme
2018-11-15 11:52:02.474534 - theme cookie is highC
2018-11-15 11:52:06.320627 - Getting theme
2018-11-15 11:52:06.320816 - theme cookie is highC
2018-11-15 11:52:10.893220 - Getting theme
2018-11-15 11:52:10.893423 - theme cookie is highC
2018-11-15 11:52:13.218033 - Getting theme
2018-11-15 11:52:13.218221 - theme cookie is highC
2018-11-15 11:52:41.374729 - Getting theme
2018-11-15 11:52:41.374937 - theme cookie is highC
2018-11-15 11:53:11.201254 - Getting theme
2018-11-15 11:53:11.201573 - theme cookie is highC
2018-11-15 11:53:19.200746 - Getting theme
2018-11-15 11:53:19.201035 - theme cookie is highC
2018-11-15 11:54:05.561747 - Getting theme
2018-11-15 11:54:05.561955 - theme cookie is highC
2018-11-15 11:54:10.293099 - Getting theme
2018-11-15 11:54:10.293303 - theme cookie is highC
2018-11-15 11:54:13.113821 - Getting theme
2018-11-15 11:54:13.114007 - theme cookie is highC
2018-11-15 11:54:31.859243 - Getting theme
2018-11-15 11:54:31.859424 - theme cookie is highC
2018-11-15 11:54:33.567234 - Getting theme
2018-11-15 11:54:33.567427 - theme cookie is highC
2018-11-15 11:54:33.567614 - Root: /home/connor/Documents/smproject/SwissArmyAssistant
2018-11-15 11:54:33.567683 - Directory: Documents
2018-11-15 11:54:33.567732 - Path: /home/connor/Documents/smproject/SwissArmyAssistant/static/media/Documents
2018-11-15 11:54:33.567782 - Getting path
2018-11-15 11:54:33.567826 - Path: /home/connor/Documents/smproject/SwissArmyAssistant/static/media/Documents
2018-11-15 11:54:33.567870 - Directory: Documents
2018-11-15 11:54:33.567913 - Path: /static/media/Documents/
2018-11-15 11:54:33.567956 - Getting Short Path
2018-11-15 11:54:33.567999 - Short Path: /static/media/Documents/
2018-11-15 11:54:33.568100 - Root: /home/connor/Documents/smproject/SwissArmyAssistant
2018-11-15 11:54:33.568150 - Directory: Documents
2018-11-15 11:54:33.568201 - Path: /home/connor/Documents/smproject/SwissArmyAssistant/static/media/Documents
2018-11-15 11:55:13.834046 - Getting theme
2018-11-15 11:55:13.834328 - theme cookie is highC
2018-11-15 11:55:13.834511 - Root: /home/connor/Documents/smproject/SwissArmyAssistant
2018-11-15 11:55:13.834567 - Directory: Documents
2018-11-15 11:55:13.834610 - Path: /home/connor/Documents/smproject/SwissArmyAssistant/static/media/Documents
2018-11-15 11:55:13.834653 - Getting path
2018-11-15 11:55:13.834694 - Path: /home/connor/Documents/smproject/SwissArmyAssistant/static/media/Documents
2018-11-15 11:55:13.834733 - Directory: Documents
2018-11-15 11:55:13.834771 - Path: /static/media/Documents/
2018-11-15 11:55:13.834809 - Getting Short Path
2018-11-15 11:55:13.834846 - Short Path: /static/media/Documents/
2018-11-15 11:55:13.834938 - Root: /home/connor/Documents/smproject/SwissArmyAssistant
2018-11-15 11:55:13.835004 - Directory: Documents
2018-11-15 11:55:13.835067 - Path: /home/connor/Documents/smproject/SwissArmyAssistant/static/media/Documents
2018-11-15 11:55:16.125949 - Getting theme
2018-11-15 11:55:16.126158 - theme cookie is highC
2018-11-15 11:55:16.126366 - Getting theme
2018-11-15 11:55:16.126438 - theme cookie is highC
2018-11-15 11:55:17.587044 - Getting theme
2018-11-15 11:55:17.587223 - theme cookie is highC
2018-11-15 11:55:17.587359 - Root: /home/connor/Documents/smproject/SwissArmyAssistant
2018-11-15 11:55:17.587405 - Directory: Documents
2018-11-15 11:55:17.587443 - Path: /home/connor/Documents/smproject/SwissArmyAssistant/static/media/Documents
2018-11-15 11:55:17.587486 - Getting path
2018-11-15 11:55:17.587523 - Path: /home/connor/Documents/smproject/SwissArmyAssistant/static/media/Documents
2018-11-15 11:55:17.587557 - Directory: Documents
2018-11-15 11:55:17.587591 - Path: /static/media/Documents/
2018-11-15 11:55:17.587624 - Getting Short Path
2018-11-15 11:55:17.587658 - Short Path: /static/media/Documents/
2018-11-15 11:55:17.587737 - Root: /home/connor/Documents/smproject/SwissArmyAssistant
2018-11-15 11:55:17.587777 - Directory: Documents
2018-11-15 11:55:17.587811 - Path: /home/connor/Documents/smproject/SwissArmyAssistant/static/media/Documents
2018-11-15 11:55:40.190505 - Getting theme
2018-11-15 11:55:40.190688 - theme cookie is highC
2018-11-15 11:55:40.190868 - Root: /home/connor/Documents/smproject/SwissArmyAssistant
2018-11-15 11:55:40.190940 - Directory: Documents
2018-11-15 11:55:40.191003 - Path: /home/connor/Documents/smproject/SwissArmyAssistant/static/media/Documents
2018-11-15 11:55:40.191065 - Getting path
2018-11-15 11:55:40.191127 - Path: /home/connor/Documents/smproject/SwissArmyAssistant/static/media/Documents
2018-11-15 11:55:40.191189 - Directory: Documents
2018-11-15 11:55:40.191250 - Path: /static/media/Documents/
2018-11-15 11:55:40.191311 - Getting Short Path
2018-11-15 11:55:40.191371 - Short Path: /static/media/Documents/
2018-11-15 11:55:40.191500 - Root: /home/connor/Documents/smproject/SwissArmyAssistant
2018-11-15 11:55:40.191569 - Directory: Documents
2018-11-15 11:55:40.191630 - Path: /home/connor/Documents/smproject/SwissArmyAssistant/static/media/Documents
2018-11-15 11:56:03.165616 - Getting theme
2018-11-15 11:56:03.166066 - theme cookie is highC
2018-11-15 11:56:03.166363 - Root: /home/connor/Documents/smproject/SwissArmyAssistant
2018-11-15 11:56:03.166471 - Directory: Documents
2018-11-15 11:56:03.166524 - Path: /home/connor/Documents/smproject/SwissArmyAssistant/static/media/Documents
2018-11-15 11:56:03.166568 - Getting path
2018-11-15 11:56:03.166611 - Path: /home/connor/Documents/smproject/SwissArmyAssistant/static/media/Documents
2018-11-15 11:56:03.166651 - Directory: Documents
2018-11-15 11:56:03.166691 - Path: /static/media/Documents/
2018-11-15 11:56:03.166730 - Getting Short Path
2018-11-15 11:56:03.166769 - Short Path: /static/media/Documents/
2018-11-15 11:56:03.166869 - Root: /home/connor/Documents/smproject/SwissArmyAssistant
2018-11-15 11:56:03.166914 - Directory: Documents
2018-11-15 11:56:03.166955 - Path: /home/connor/Documents/smproject/SwissArmyAssistant/static/media/Documents
2018-11-15 11:56:05.118200 - Getting theme
2018-11-15 11:56:05.118383 - theme cookie is highC
2018-11-15 11:56:05.118579 - Getting theme
2018-11-15 11:56:05.118648 - theme cookie is highC
2018-11-15 11:56:06.743189 - Getting theme
2018-11-15 11:56:06.743516 - theme cookie is highC
2018-11-15 11:56:08.375236 - Getting theme
2018-11-15 11:56:08.375434 - theme cookie is highC
2018-11-15 12:03:16.967544 - Getting theme
2018-11-15 12:03:16.967736 - theme cookie is highC
2018-11-15 12:04:33.442345 - Getting theme
2018-11-15 12:04:33.442940 - theme cookie is highC
2018-11-15 12:05:18.939590 - Getting theme
2018-11-15 12:05:18.939812 - theme cookie is highC
2018-11-15 12:05:25.960823 - Getting theme
2018-11-15 12:05:25.961028 - theme cookie is highC
2018-11-15 12:05:25.961209 - Getting theme
2018-11-15 12:05:25.961270 - theme cookie is highC
2018-11-15 12:05:48.347198 - Getting theme
2018-11-15 12:05:48.347399 - theme cookie is highC
2018-11-15 12:06:27.198935 - Getting theme
2018-11-15 12:06:27.199106 - theme cookie is highC
2018-11-15 12:06:27.199249 - Root: /home/connor/Documents/smproject/SwissArmyAssistant
2018-11-15 12:06:27.199300 - Directory: Documents
2018-11-15 12:06:27.199341 - Path: /home/connor/Documents/smproject/SwissArmyAssistant/static/media/Documents
2018-11-15 12:06:27.199380 - Getting path
2018-11-15 12:06:27.199419 - Path: /home/connor/Documents/smproject/SwissArmyAssistant/static/media/Documents
2018-11-15 12:06:27.199456 - Directory: Documents
2018-11-15 12:06:27.199494 - Path: /static/media/Documents/
2018-11-15 12:06:27.199542 - Getting Short Path
2018-11-15 12:06:27.199579 - Short Path: /static/media/Documents/
2018-11-15 12:06:27.199666 - Root: /home/connor/Documents/smproject/SwissArmyAssistant
2018-11-15 12:06:27.199710 - Directory: Documents
2018-11-15 12:06:27.199747 - Path: /home/connor/Documents/smproject/SwissArmyAssistant/static/media/Documents
2018-11-15 12:08:02.602525 - Getting theme
2018-11-15 12:08:02.602746 - theme cookie is highC
2018-11-15 12:08:05.210295 - Setting theme
2018-11-15 12:08:05.210916 - Theme requested is blue
2018-11-15 12:08:05.211450 - Response created
2018-11-15 12:08:05.211668 - Cookie set to blue
2018-11-15 12:08:06.402311 - Getting theme
2018-11-15 12:08:06.402485 - theme cookie is blue
2018-11-15 12:08:06.402736 - Getting theme
2018-11-15 12:08:06.402819 - theme cookie is blue
2018-11-15 12:08:09.676146 - Getting theme
2018-11-15 12:08:09.676331 - theme cookie is blue
2018-11-15 12:08:11.473035 - Getting theme
2018-11-15 12:08:11.473207 - theme cookie is blue
2018-11-15 12:08:11.473362 - Root: /home/connor/Documents/smproject/SwissArmyAssistant
2018-11-15 12:08:11.473425 - Directory: Documents
2018-11-15 12:08:11.473471 - Path: /home/connor/Documents/smproject/SwissArmyAssistant/static/media/Documents
2018-11-15 12:08:11.473514 - Getting path
2018-11-15 12:08:11.473554 - Path: /home/connor/Documents/smproject/SwissArmyAssistant/static/media/Documents
2018-11-15 12:08:11.473594 - Directory: Documents
2018-11-15 12:08:11.473658 - Path: /static/media/Documents/
2018-11-15 12:08:11.473724 - Getting Short Path
2018-11-15 12:08:11.473766 - Short Path: /static/media/Documents/
2018-11-15 12:08:11.473871 - Root: /home/connor/Documents/smproject/SwissArmyAssistant
2018-11-15 12:08:11.473918 - Directory: Documents
2018-11-15 12:08:11.473957 - Path: /home/connor/Documents/smproject/SwissArmyAssistant/static/media/Documents
2018-11-15 12:15:32.134593 - Getting theme
2018-11-15 12:15:32.134854 - theme cookie is blue
2018-11-15 12:15:39.776952 - Getting theme
2018-11-15 12:15:39.777186 - theme cookie is blue
2018-11-15 12:15:42.446059 - Getting theme
2018-11-15 12:15:42.446335 - theme cookie is blue
2018-11-15 12:16:21.762502 - Getting theme
2018-11-15 12:16:21.762689 - theme cookie is blue
2018-11-15 12:16:24.705401 - Getting theme
2018-11-15 12:16:24.705651 - theme cookie is blue
2018-11-15 12:19:30.983968 - Getting theme
2018-11-15 12:19:30.984166 - theme cookie is blue
2018-11-15 12:20:01.317636 - Getting theme
2018-11-15 12:20:01.317819 - theme cookie is blue
2018-11-15 12:20:28.079450 - Getting theme
2018-11-15 12:20:28.079656 - theme cookie is blue
2018-11-15 12:20:35.447770 - Setting theme
2018-11-15 12:20:35.448212 - Theme requested is highC
2018-11-15 12:20:35.464125 - Response created
2018-11-15 12:20:35.464362 - Cookie set to highC
2018-11-15 12:20:38.624273 - Getting theme
2018-11-15 12:20:38.624496 - theme cookie is highC
2018-11-15 12:20:38.624678 - Root: /home/connor/Documents/smproject/SwissArmyAssistant
2018-11-15 12:20:38.624757 - Directory: Documents
2018-11-15 12:20:38.624835 - Path: /home/connor/Documents/smproject/SwissArmyAssistant/static/media/Documents
2018-11-15 12:20:38.624887 - Getting path
2018-11-15 12:20:38.624932 - Path: /home/connor/Documents/smproject/SwissArmyAssistant/static/media/Documents
2018-11-15 12:20:38.625000 - Directory: Documents
2018-11-15 12:20:38.625039 - Path: /static/media/Documents/
2018-11-15 12:20:38.625077 - Getting Short Path
2018-11-15 12:20:38.625114 - Short Path: /static/media/Documents/
2018-11-15 12:20:38.625213 - Root: /home/connor/Documents/smproject/SwissArmyAssistant
2018-11-15 12:20:38.625255 - Directory: Documents
2018-11-15 12:20:38.625292 - Path: /home/connor/Documents/smproject/SwissArmyAssistant/static/media/Documents
2018-11-15 12:23:43.752243 - Getting theme
2018-11-15 12:23:43.752467 - theme cookie is highC
2018-11-15 12:23:45.979532 - Getting theme
2018-11-15 12:23:45.979905 - theme cookie is highC
2018-11-15 12:23:48.419166 - Getting theme
2018-11-15 12:23:48.419323 - theme cookie is highC
2018-11-15 12:23:52.432671 - Getting theme
2018-11-15 12:23:52.432844 - theme cookie is highC
2018-11-15 12:25:14.495903 - Getting theme
2018-11-15 12:25:14.496079 - theme cookie is highC
2018-11-15 12:25:16.757729 - Getting theme
2018-11-15 12:25:16.757897 - theme cookie is highC
2018-11-15 12:26:24.414380 - Getting theme
2018-11-15 12:26:24.414567 - theme cookie is highC
2018-11-15 12:26:38.543209 - Getting theme
2018-11-15 12:26:38.543438 - theme cookie is highC
2018-11-15 12:26:42.097213 - Setting theme
2018-11-15 12:26:42.097726 - Theme requested is blue
2018-11-15 12:26:42.098153 - Response created
2018-11-15 12:26:42.098331 - Cookie set to blue
2018-11-15 12:26:43.383555 - Getting theme
2018-11-15 12:26:43.383724 - theme cookie is blue
2018-11-15 19:20:37.496018 - Getting theme
2018-11-15 19:20:37.500015 - Theme defaulted to blue
2018-11-15 19:20:37.506012 - theme cookie is blue
2018-11-15 19:20:42.352908 - Getting theme
2018-11-15 19:20:42.356906 - Theme defaulted to blue
2018-11-15 19:20:42.362894 - theme cookie is blue
2018-11-15 19:20:49.326074 - Getting theme
2018-11-15 19:20:49.327072 - Theme defaulted to blue
2018-11-15 19:20:49.328072 - theme cookie is blue
2018-11-15 19:20:50.970681 - Getting theme
2018-11-15 19:20:50.971672 - Theme defaulted to blue
2018-11-15 19:20:50.972671 - theme cookie is blue
2018-11-15 19:21:02.665876 - Getting theme
2018-11-15 19:21:02.666875 - Theme defaulted to blue
2018-11-15 19:21:02.667875 - theme cookie is blue
2018-11-15 19:24:52.839160 - Getting theme
2018-11-15 19:24:52.840159 - Theme defaulted to blue
2018-11-15 19:24:52.845161 - theme cookie is blue
2018-11-15 19:24:56.113186 - Getting theme
2018-11-15 19:24:56.118184 - Theme defaulted to blue
2018-11-15 19:24:56.123180 - theme cookie is blue
2018-11-15 19:24:58.340190 - Getting theme
2018-11-15 19:24:58.340190 - Theme defaulted to blue
2018-11-15 19:24:58.341189 - theme cookie is blue
2018-11-15 19:24:58.418591 - Getting theme
2018-11-15 19:24:58.419590 - Theme defaulted to blue
2018-11-15 19:24:58.420580 - theme cookie is blue
2018-11-15 19:25:00.911986 - Getting theme
2018-11-15 19:25:00.912998 - Theme defaulted to blue
2018-11-15 19:25:00.913984 - theme cookie is blue
2018-11-15 19:25:00.915001 - Root: C:\Users\Dale\PycharmProjects\SwissArmyAssistant-connor\SwissArmyAssistant-connor
2018-11-15 19:25:00.915982 - Directory: Documents
2018-11-15 19:25:00.916983 - Path: C:\Users\Dale\PycharmProjects\SwissArmyAssistant-connor\SwissArmyAssistant-connor/static/media/Documents
2018-11-15 19:25:00.916983 - Getting path
2018-11-15 19:25:00.917984 - Path: C:\Users\Dale\PycharmProjects\SwissArmyAssistant-connor\SwissArmyAssistant-connor/static/media/Documents
2018-11-15 19:25:00.918985 - Directory: Documents
2018-11-15 19:25:00.918985 - Path: /static/media/Documents/
2018-11-15 19:25:00.919980 - Getting Short Path
2018-11-15 19:25:00.920980 - Short Path: /static/media/Documents/
2018-11-15 19:25:00.921979 - Root: C:\Users\Dale\PycharmProjects\SwissArmyAssistant-connor\SwissArmyAssistant-connor
2018-11-15 19:25:00.921979 - Directory: Documents
2018-11-15 19:25:00.922979 - Path: C:\Users\Dale\PycharmProjects\SwissArmyAssistant-connor\SwissArmyAssistant-connor/static/media/Documents
2018-11-15 19:25:02.801321 - Getting theme
2018-11-15 19:25:02.802321 - Theme defaulted to blue
2018-11-15 19:25:02.802321 - theme cookie is blue
2018-11-15 19:26:22.758366 - Getting theme
2018-11-15 19:26:22.758366 - Theme defaulted to blue
2018-11-15 19:26:22.763361 - theme cookie is blue
2018-11-15 19:33:34.114181 - Getting theme
2018-11-15 19:33:34.117178 - Theme defaulted to blue
2018-11-15 19:33:34.120196 - theme cookie is blue
2018-11-15 19:33:42.052770 - Getting theme
2018-11-15 19:33:42.053760 - Theme defaulted to blue
2018-11-15 19:33:42.056757 - theme cookie is blue
2018-11-15 19:34:16.415790 - Getting theme
2018-11-15 19:34:16.416770 - Theme defaulted to blue
2018-11-15 19:34:16.420770 - theme cookie is blue
2018-11-15 19:34:55.212704 - Getting theme
2018-11-15 19:34:55.213704 - Theme defaulted to blue
2018-11-15 19:34:55.214703 - theme cookie is blue
2018-11-15 19:34:57.134400 - Getting theme
2018-11-15 19:34:57.135400 - Theme defaulted to blue
2018-11-15 19:34:57.138398 - theme cookie is blue
2018-11-15 19:35:17.147235 - Getting theme
2018-11-15 19:35:17.151230 - Theme defaulted to blue
2018-11-15 19:35:17.154247 - theme cookie is blue
2018-11-15 19:35:23.212209 - Getting theme
2018-11-15 19:35:23.216204 - Theme defaulted to blue
2018-11-15 19:35:23.220202 - theme cookie is blue
2018-11-15 19:35:32.858458 - Setting theme
2018-11-15 19:35:32.861456 - Theme requested is dark
2018-11-15 19:35:32.862456 - Response created
2018-11-15 19:35:32.863443 - Cookie set to dark
2018-11-15 19:35:37.079512 - Getting theme
2018-11-15 19:35:37.080498 - theme cookie is dark
2018-11-15 19:35:44.345192 - Getting theme
2018-11-15 19:35:44.346191 - theme cookie is dark
2018-11-15 19:35:52.019417 - Setting theme
2018-11-15 19:35:52.020417 - Theme requested is red
2018-11-15 19:35:52.025409 - Response created
2018-11-15 19:35:52.029395 - Cookie set to red
2018-11-15 19:35:56.533340 - Setting theme
2018-11-15 19:35:56.534357 - Theme requested is highC
2018-11-15 19:35:56.535339 - Response created
2018-11-15 19:35:56.536355 - Cookie set to highC
2018-11-15 19:36:24.441309 - Setting theme
2018-11-15 19:36:24.442309 - Theme requested is highC
2018-11-15 19:36:24.444308 - Response created
2018-11-15 19:36:24.445294 - Cookie set to highC
2018-11-15 19:36:38.768273 - Setting theme
2018-11-15 19:36:38.769260 - Theme requested is blue
2018-11-15 19:36:38.771259 - Response created
2018-11-15 19:36:38.771259 - Cookie set to blue
2018-11-15 19:37:51.190344 - Setting theme
2018-11-15 19:37:51.191339 - Theme requested is blue
2018-11-15 19:37:51.195326 - Response created
2018-11-15 19:37:51.196323 - Cookie set to blue
2018-11-15 19:38:17.492590 - Setting theme
2018-11-15 19:38:17.493574 - Theme requested is blue
2018-11-15 19:38:17.495572 - Response created
2018-11-15 19:38:17.497570 - Cookie set to blue
2018-11-15 19:40:25.652664 - Setting theme
2018-11-15 19:40:25.653657 - Theme requested is blue
2018-11-15 19:40:25.658651 - Response created
2018-11-15 19:40:25.658651 - Cookie set to blue
2018-11-15 19:43:20.946640 - Setting theme
2018-11-15 19:43:20.947639 - Theme requested is dark
2018-11-15 19:43:20.949639 - Response created
2018-11-15 19:43:20.949639 - Cookie set to dark
2018-11-15 19:45:25.181643 - Setting theme
2018-11-15 19:45:25.183623 - Theme requested is dark
2018-11-15 19:45:25.186620 - Response created
2018-11-15 19:45:25.187619 - Cookie set to dark
2018-11-15 20:07:10.264026 - Getting theme
2018-11-15 20:07:10.269024 - theme cookie is dark
2018-11-15 20:07:39.113681 - Getting theme
2018-11-15 20:07:39.114681 - theme cookie is dark
2018-11-15 20:07:48.956829 - Setting theme
2018-11-15 20:07:48.959825 - Theme requested is blue
2018-11-15 20:07:48.964836 - Response created
2018-11-15 20:07:48.968833 - Cookie set to blue
2018-11-15 20:07:54.413389 - Getting theme
2018-11-15 20:07:54.414385 - theme cookie is blue
2018-11-15 20:07:56.022032 - Getting theme
2018-11-15 20:07:56.022032 - theme cookie is blue
2018-11-15 20:08:39.488750 - Getting theme
2018-11-15 20:08:39.489749 - theme cookie is blue
2018-11-15 20:08:41.467297 - Getting theme
2018-11-15 20:08:41.468296 - theme cookie is blue
2018-11-15 20:08:44.601437 - Getting theme
2018-11-15 20:08:44.602420 - theme cookie is blue
2018-11-15 20:08:45.667684 - Getting theme
2018-11-15 20:08:45.668683 - theme cookie is blue
2018-11-15 20:08:45.672694 - Getting theme
2018-11-15 20:08:45.676680 - theme cookie is blue
2018-11-15 20:08:46.256933 - Getting theme
2018-11-15 20:08:46.257947 - theme cookie is blue
2018-11-15 20:08:46.259931 - Root: C:\Users\Dale\PycharmProjects\SwissArmyAssistant-connor\SwissArmyAssistant-connor
2018-11-15 20:08:46.260931 - Directory: Documents
2018-11-15 20:08:46.260931 - Path: C:\Users\Dale\PycharmProjects\SwissArmyAssistant-connor\SwissArmyAssistant-connor/static/media/Documents
2018-11-15 20:08:46.261929 - Getting path
2018-11-15 20:08:46.262928 - Path: C:\Users\Dale\PycharmProjects\SwissArmyAssistant-connor\SwissArmyAssistant-connor/static/media/Documents
2018-11-15 20:08:46.263930 - Directory: Documents
2018-11-15 20:08:46.264927 - Path: /static/media/Documents/
2018-11-15 20:08:46.264927 - Getting Short Path
2018-11-15 20:08:46.265926 - Short Path: /static/media/Documents/
2018-11-15 20:08:46.266926 - Root: C:\Users\Dale\PycharmProjects\SwissArmyAssistant-connor\SwissArmyAssistant-connor
2018-11-15 20:08:46.267935 - Directory: Documents
2018-11-15 20:08:46.267935 - Path: C:\Users\Dale\PycharmProjects\SwissArmyAssistant-connor\SwissArmyAssistant-connor/static/media/Documents
2018-11-15 20:08:46.930236 - Getting theme
2018-11-15 20:08:46.931237 - theme cookie is blue
2018-11-15 20:08:48.016150 - Getting theme
2018-11-15 20:08:48.017151 - theme cookie is blue
2018-11-16 09:43:39.203010 - Getting theme
2018-11-16 09:43:39.285962 - Theme defaulted to blue
2018-11-16 09:43:39.288961 - theme cookie is blue
2018-11-16 09:43:47.636555 - Getting theme
2018-11-16 09:43:47.637556 - Theme defaulted to blue
2018-11-16 09:43:47.638555 - theme cookie is blue
2018-11-16 09:43:52.811134 - Getting theme
2018-11-16 09:43:52.812133 - Theme defaulted to blue
2018-11-16 09:43:52.813132 - theme cookie is blue
2018-11-16 09:44:08.627747 - Getting theme
2018-11-16 09:44:08.628746 - Theme defaulted to blue
2018-11-16 09:44:08.629747 - theme cookie is blue
2018-11-16 09:44:08.653780 - Getting theme
2018-11-16 09:44:08.654780 - Theme defaulted to blue
2018-11-16 09:44:08.654780 - theme cookie is blue
2018-11-16 09:44:18.292367 - Getting theme
2018-11-16 09:44:18.293366 - Theme defaulted to blue
2018-11-16 09:44:18.305360 - theme cookie is blue
2018-11-16 09:44:18.310356 - Root: C:\Users\Dale\PycharmProjects\SwissArmyAssistant-connor\SwissArmyAssistant-connor
2018-11-16 09:44:18.314354 - Directory: Documents
2018-11-16 09:44:18.315353 - Path: C:\Users\Dale\PycharmProjects\SwissArmyAssistant-connor\SwissArmyAssistant-connor/static/media/Documents
2018-11-16 09:44:18.315353 - Getting path
2018-11-16 09:44:18.316352 - Path: C:\Users\Dale\PycharmProjects\SwissArmyAssistant-connor\SwissArmyAssistant-connor/static/media/Documents
2018-11-16 09:44:18.317352 - Directory: Documents
2018-11-16 09:44:18.318352 - Path: /static/media/Documents/
2018-11-16 09:44:18.318352 - Getting Short Path
2018-11-16 09:44:18.319351 - Short Path: /static/media/Documents/
2018-11-16 09:44:18.320350 - Root: C:\Users\Dale\PycharmProjects\SwissArmyAssistant-connor\SwissArmyAssistant-connor
2018-11-16 09:44:18.321349 - Directory: Documents
2018-11-16 09:44:18.321349 - Path: C:\Users\Dale\PycharmProjects\SwissArmyAssistant-connor\SwissArmyAssistant-connor/static/media/Documents
2018-11-16 09:44:20.105786 - Getting theme
2018-11-16 09:44:20.106775 - Theme defaulted to blue
2018-11-16 09:44:20.107777 - theme cookie is blue
2018-11-16 09:44:38.964067 - Getting theme
2018-11-16 09:44:38.965064 - Theme defaulted to blue
2018-11-16 09:44:38.966064 - theme cookie is blue
2018-11-16 09:44:44.165384 - Setting theme
2018-11-16 09:44:44.166383 - Theme requested is dark
2018-11-16 09:44:44.167383 - Response created
2018-11-16 09:44:44.168396 - Cookie set to dark
2018-11-16 09:44:50.343171 - Setting theme
2018-11-16 09:44:50.344170 - Theme requested is red
2018-11-16 09:44:50.346170 - Response created
2018-11-16 09:44:50.347167 - Cookie set to red
2018-11-16 09:44:55.808718 - Setting theme
2018-11-16 09:44:55.809720 - Theme requested is highC
2018-11-16 09:44:55.811720 - Response created
2018-11-16 09:44:55.812717 - Cookie set to highC
2018-11-16 09:45:12.639293 - Getting theme
2018-11-16 09:45:12.664280 - theme cookie is highC
2018-11-16 14:05:33.645858 - Getting theme
2018-11-16 14:05:33.650855 - theme cookie is highC
2018-11-16 14:05:57.173237 - Getting theme
2018-11-16 14:05:57.178237 - theme cookie is highC
2018-11-16 14:05:59.204641 - Getting theme
2018-11-16 14:05:59.208650 - theme cookie is highC
2018-11-16 14:06:04.178158 - Getting theme
2018-11-16 14:06:04.179159 - theme cookie is highC
2018-11-16 14:06:07.069246 - Getting theme
2018-11-16 14:06:07.070234 - theme cookie is highC
2018-11-16 14:06:22.456470 - Getting theme
2018-11-16 14:06:22.460468 - theme cookie is highC
2018-11-16 14:06:27.167636 - Setting theme
2018-11-16 14:06:27.184626 - Theme requested is dark
2018-11-16 14:06:27.186621 - Response created
2018-11-16 14:06:27.186621 - Cookie set to dark
2018-11-16 14:06:33.709126 - Setting theme
2018-11-16 14:06:33.710114 - Theme requested is red
2018-11-16 14:06:33.712107 - Response created
2018-11-16 14:06:33.713108 - Cookie set to red
2018-11-16 14:06:36.589594 - Getting theme
2018-11-16 14:06:36.590593 - theme cookie is red
2018-11-16 14:06:46.174029 - Getting theme
2018-11-16 14:06:46.175044 - theme cookie is red
2018-11-16 14:06:50.143439 - Getting theme
2018-11-16 14:06:50.144431 - theme cookie is red
2018-11-16 14:06:50.150428 - Getting theme
2018-11-16 14:06:50.154429 - theme cookie is red
2018-11-16 14:07:09.416096 - Getting theme
2018-11-16 14:07:09.417080 - theme cookie is red
2018-11-16 14:07:15.954195 - Getting theme
2018-11-16 14:07:15.954195 - theme cookie is red
2018-11-16 14:07:15.958194 - Root: C:\Users\Dale\PycharmProjects\SwissArmyAssistant-connor\SwissArmyAssistant-connor
2018-11-16 14:07:15.963190 - Directory: Documents
2018-11-16 14:07:15.968189 - Path: C:\Users\Dale\PycharmProjects\SwissArmyAssistant-connor\SwissArmyAssistant-connor/static/media/Documents
2018-11-16 14:07:15.969186 - Getting path
2018-11-16 14:07:15.970185 - Path: C:\Users\Dale\PycharmProjects\SwissArmyAssistant-connor\SwissArmyAssistant-connor/static/media/Documents
2018-11-16 14:07:15.970185 - Directory: Documents
2018-11-16 14:07:15.971184 - Path: /static/media/Documents/
2018-11-16 14:07:15.972184 - Getting Short Path
2018-11-16 14:07:15.972184 - Short Path: /static/media/Documents/
2018-11-16 14:07:15.973183 - Root: C:\Users\Dale\PycharmProjects\SwissArmyAssistant-connor\SwissArmyAssistant-connor
2018-11-16 14:07:15.974183 - Directory: Documents
2018-11-16 14:07:15.974183 - Path: C:\Users\Dale\PycharmProjects\SwissArmyAssistant-connor\SwissArmyAssistant-connor/static/media/Documents
2018-11-16 14:08:00.892428 - Getting theme
2018-11-16 14:08:00.893427 - theme cookie is red
2018-11-16 14:08:03.878176 - Getting theme
2018-11-16 14:08:03.879176 - theme cookie is red
2018-11-17 12:56:15.424202 - Getting theme
2018-11-17 12:56:15.459183 - Theme defaulted to blue
2018-11-17 12:56:15.463181 - theme cookie is blue
2018-11-17 12:57:26.515754 - Getting theme
2018-11-17 12:57:26.516756 - Theme defaulted to blue
2018-11-17 12:57:26.520734 - theme cookie is blue
2018-11-17 12:57:41.605699 - Getting theme
2018-11-17 12:57:41.606679 - Theme defaulted to blue
2018-11-17 12:57:41.609678 - theme cookie is blue
2018-11-17 12:58:02.644312 - Getting theme
2018-11-17 12:58:02.645312 - Theme defaulted to blue
2018-11-17 12:58:02.652308 - theme cookie is blue
2018-11-17 12:58:22.825453 - Getting theme
2018-11-17 12:58:22.826434 - Theme defaulted to blue
2018-11-17 12:58:22.827433 - theme cookie is blue
2018-11-17 12:59:02.701999 - Getting theme
2018-11-17 12:59:02.702996 - Theme defaulted to blue
2018-11-17 12:59:02.708000 - theme cookie is blue
2018-11-17 12:59:15.435531 - Getting theme
2018-11-17 12:59:15.436546 - Theme defaulted to blue
2018-11-17 12:59:15.437529 - theme cookie is blue
2018-11-17 13:01:02.125855 - Getting theme
2018-11-17 13:01:02.126853 - Theme defaulted to blue
2018-11-17 13:01:02.127852 - theme cookie is blue
2018-11-17 13:01:17.501293 - Getting theme
2018-11-17 13:01:17.502311 - Theme defaulted to blue
2018-11-17 13:01:17.502311 - theme cookie is blue
2018-11-17 13:01:46.596842 - Getting theme
2018-11-17 13:01:46.597841 - Theme defaulted to blue
2018-11-17 13:01:46.598841 - theme cookie is blue
2018-11-17 13:03:25.529235 - Getting theme
2018-11-17 13:03:25.529235 - Theme defaulted to blue
2018-11-17 13:03:25.535235 - theme cookie is blue
2018-11-17 13:04:01.137400 - Getting theme
2018-11-17 13:04:01.138383 - Theme defaulted to blue
2018-11-17 13:04:01.139382 - theme cookie is blue
2018-11-17 13:04:56.922505 - Getting theme
2018-11-17 13:04:56.923504 - Theme defaulted to blue
2018-11-17 13:04:56.927502 - theme cookie is blue
2018-11-17 13:05:38.086359 - Getting theme
2018-11-17 13:05:38.087358 - Theme defaulted to blue
2018-11-17 13:05:38.088368 - theme cookie is blue
2018-11-17 13:06:09.824668 - Getting theme
2018-11-17 13:06:09.825669 - Theme defaulted to blue
2018-11-17 13:06:09.829649 - theme cookie is blue
2018-11-17 13:06:19.952408 - Getting theme
2018-11-17 13:06:19.953406 - Theme defaulted to blue
2018-11-17 13:06:19.958404 - theme cookie is blue
2018-11-17 13:08:26.103635 - Getting theme
2018-11-17 13:08:26.104640 - Theme defaulted to blue
2018-11-17 13:08:26.108636 - theme cookie is blue
2018-11-17 13:09:05.762713 - Getting theme
2018-11-17 13:09:05.764714 - Theme defaulted to blue
2018-11-17 13:09:05.768709 - theme cookie is blue
2018-11-17 13:09:12.502989 - Getting theme
2018-11-17 13:09:12.502989 - Theme defaulted to blue
2018-11-17 13:09:12.506983 - theme cookie is blue
2018-11-17 13:09:21.071411 - Getting theme
2018-11-17 13:09:21.072409 - Theme defaulted to blue
2018-11-17 13:09:21.076406 - theme cookie is blue
2018-11-17 13:11:09.602240 - Getting theme
2018-11-17 13:11:09.603246 - Theme defaulted to blue
2018-11-17 13:11:09.606238 - theme cookie is blue
2018-11-17 13:11:19.350058 - Getting theme
2018-11-17 13:11:19.351067 - Theme defaulted to blue
2018-11-17 13:11:19.356053 - theme cookie is blue
2018-11-17 13:11:41.386339 - Getting theme
2018-11-17 13:11:41.387348 - Theme defaulted to blue
2018-11-17 13:11:41.388347 - theme cookie is blue
2018-11-17 13:11:50.386500 - Getting theme
2018-11-17 13:11:50.387495 - Theme defaulted to blue
2018-11-17 13:11:50.387495 - theme cookie is blue
2018-11-17 13:11:52.238350 - Getting theme
2018-11-17 13:11:52.239348 - Theme defaulted to blue
2018-11-17 13:11:52.240348 - theme cookie is blue
2018-11-17 13:11:52.274328 - Root: C:\Users\Dale\PycharmProjects\SwissArmyAssistant-connor\SwissArmyAssistant-connor
2018-11-17 13:11:52.275328 - Directory: Documents
2018-11-17 13:11:52.275328 - Path: C:\Users\Dale\PycharmProjects\SwissArmyAssistant-connor\SwissArmyAssistant-connor/static/media/Documents
2018-11-17 13:11:52.276328 - Getting path
2018-11-17 13:11:52.277327 - Path: C:\Users\Dale\PycharmProjects\SwissArmyAssistant-connor\SwissArmyAssistant-connor/static/media/Documents
2018-11-17 13:11:52.277327 - Directory: Documents
2018-11-17 13:11:52.278326 - Path: /static/media/Documents/
2018-11-17 13:11:52.279327 - Getting Short Path
2018-11-17 13:11:52.279327 - Short Path: /static/media/Documents/
2018-11-17 13:11:52.281326 - Root: C:\Users\Dale\PycharmProjects\SwissArmyAssistant-connor\SwissArmyAssistant-connor
2018-11-17 13:11:52.281326 - Directory: Documents
2018-11-17 13:11:52.282325 - Path: C:\Users\Dale\PycharmProjects\SwissArmyAssistant-connor\SwissArmyAssistant-connor/static/media/Documents
2018-11-17 13:11:54.141207 - Getting theme
2018-11-17 13:11:54.142193 - Theme defaulted to blue
2018-11-17 13:11:54.142193 - theme cookie is blue
2018-11-17 13:11:54.143197 - Getting theme
2018-11-17 13:11:54.144196 - Theme defaulted to blue
2018-11-17 13:11:54.145196 - theme cookie is blue
2018-11-17 13:11:55.932922 - Getting theme
2018-11-17 13:11:55.933922 - Theme defaulted to blue
2018-11-17 13:11:55.934921 - theme cookie is blue
2018-11-17 13:12:01.424923 - Getting theme
2018-11-17 13:12:01.425923 - Theme defaulted to blue
2018-11-17 13:12:01.426924 - theme cookie is blue
2018-11-17 13:12:02.537305 - Getting theme
2018-11-17 13:12:02.538303 - Theme defaulted to blue
2018-11-17 13:12:02.539299 - theme cookie is blue
2018-11-17 13:12:04.038763 - Getting theme
2018-11-17 13:12:04.039771 - Theme defaulted to blue
2018-11-17 13:12:04.043769 - theme cookie is blue
2018-11-17 13:12:11.543929 - Getting theme
2018-11-17 13:12:11.544928 - Theme defaulted to blue
2018-11-17 13:12:11.550912 - theme cookie is blue
2018-11-17 13:12:54.610567 - Getting theme
2018-11-17 13:12:54.611575 - Theme defaulted to blue
2018-11-17 13:12:54.615566 - theme cookie is blue
2018-11-17 13:13:10.988844 - Getting theme
2018-11-17 13:13:10.989833 - Theme defaulted to blue
2018-11-17 13:13:10.990832 - theme cookie is blue
2018-11-17 13:13:59.913956 - Getting theme
2018-11-17 13:13:59.914956 - Theme defaulted to blue
2018-11-17 13:13:59.915962 - theme cookie is blue
2018-11-17 13:14:11.687169 - Getting theme
2018-11-17 13:14:11.688163 - Theme defaulted to blue
2018-11-17 13:14:11.691152 - theme cookie is blue
2018-11-17 13:14:34.385310 - Getting theme
2018-11-17 13:14:34.386309 - Theme defaulted to blue
2018-11-17 13:14:34.390306 - theme cookie is blue
2018-11-17 13:14:37.412192 - Getting theme
2018-11-17 13:14:37.417179 - Theme defaulted to blue
2018-11-17 13:14:37.421174 - theme cookie is blue
2018-11-17 13:29:26.802071 - Getting theme
2018-11-17 13:29:26.803084 - Theme defaulted to blue
2018-11-17 13:29:26.804083 - theme cookie is blue
2018-11-17 13:29:46.684061 - Getting theme
2018-11-17 13:29:46.685061 - Theme defaulted to blue
2018-11-17 13:29:46.685061 - theme cookie is blue
2018-11-17 13:30:11.462794 - Getting theme
2018-11-17 13:30:11.463815 - Theme defaulted to blue
2018-11-17 13:30:11.467789 - theme cookie is blue
2018-11-17 13:30:26.492704 - Getting theme
2018-11-17 13:30:26.493691 - Theme defaulted to blue
2018-11-17 13:30:26.493691 - theme cookie is blue
2018-11-17 13:32:28.312337 - Getting theme
2018-11-17 13:32:28.313337 - Theme defaulted to blue
2018-11-17 13:32:28.314337 - theme cookie is blue
2018-11-17 13:33:17.878438 - Getting theme
2018-11-17 13:33:17.879435 - Theme defaulted to blue
2018-11-17 13:33:17.883434 - theme cookie is blue
2018-11-17 13:33:30.348009 - Getting theme
2018-11-17 13:33:30.349008 - Theme defaulted to blue
2018-11-17 13:33:30.353006 - theme cookie is blue
2018-11-17 13:33:59.671139 - Getting theme
2018-11-17 13:33:59.671139 - Theme defaulted to blue
2018-11-17 13:33:59.672138 - theme cookie is blue
2018-11-17 13:34:13.917092 - Getting theme
2018-11-17 13:34:13.917092 - Theme defaulted to blue
2018-11-17 13:34:13.921090 - theme cookie is blue
2018-11-17 13:34:30.553641 - Getting theme
2018-11-17 13:34:30.554640 - Theme defaulted to blue
2018-11-17 13:34:30.555653 - theme cookie is blue
2018-11-17 13:34:44.953153 - Getting theme
2018-11-17 13:34:44.954137 - Theme defaulted to blue
2018-11-17 13:34:44.955137 - theme cookie is blue
2018-11-17 13:34:53.807477 - Getting theme
2018-11-17 13:34:53.808466 - Theme defaulted to blue
2018-11-17 13:34:53.809466 - theme cookie is blue
2018-11-17 13:56:43.665183 - Getting theme
2018-11-17 13:56:43.668182 - Theme defaulted to blue
2018-11-17 13:56:43.674180 - theme cookie is blue
2018-11-17 13:56:47.606557 - Getting theme
2018-11-17 13:56:47.608551 - Theme defaulted to blue
2018-11-17 13:56:47.608551 - theme cookie is blue
2018-11-17 13:56:50.458397 - Getting theme
2018-11-17 13:56:50.459398 - Theme defaulted to blue
2018-11-17 13:56:50.460405 - theme cookie is blue
2018-11-17 13:56:52.678414 - Getting theme
2018-11-17 13:56:52.679423 - Theme defaulted to blue
2018-11-17 13:56:52.680421 - theme cookie is blue
2018-11-17 13:56:52.682420 - Getting theme
2018-11-17 13:56:52.682420 - Theme defaulted to blue
2018-11-17 13:56:52.683422 - theme cookie is blue
2018-11-17 13:56:54.222249 - Getting theme
2018-11-17 13:56:54.223251 - Theme defaulted to blue
2018-11-17 13:56:54.224253 - theme cookie is blue
2018-11-17 13:56:54.225249 - Root: C:\Users\Dale\PycharmProjects\SwissArmyAssistant-connor\SwissArmyAssistant-connor
2018-11-17 13:56:54.226249 - Directory: Documents
2018-11-17 13:56:54.227248 - Path: C:\Users\Dale\PycharmProjects\SwissArmyAssistant-connor\SwissArmyAssistant-connor/static/media/Documents
2018-11-17 13:56:54.227248 - Getting path
2018-11-17 13:56:54.228247 - Path: C:\Users\Dale\PycharmProjects\SwissArmyAssistant-connor\SwissArmyAssistant-connor/static/media/Documents
2018-11-17 13:56:54.229256 - Directory: Documents
2018-11-17 13:56:54.229256 - Path: /static/media/Documents/
2018-11-17 13:56:54.230245 - Getting Short Path
2018-11-17 13:56:54.231244 - Short Path: /static/media/Documents/
2018-11-17 13:56:54.231244 - Root: C:\Users\Dale\PycharmProjects\SwissArmyAssistant-connor\SwissArmyAssistant-connor
2018-11-17 13:56:54.232243 - Directory: Documents
2018-11-17 13:56:54.233249 - Path: C:\Users\Dale\PycharmProjects\SwissArmyAssistant-connor\SwissArmyAssistant-connor/static/media/Documents
2018-11-17 13:56:55.442667 - Getting theme
2018-11-17 13:56:55.443666 - Theme defaulted to blue
2018-11-17 13:56:55.444666 - theme cookie is blue
2018-11-17 13:57:01.047126 - Getting theme
2018-11-17 13:57:01.048125 - Theme defaulted to blue
2018-11-17 13:57:01.048125 - theme cookie is blue
2018-11-17 13:57:07.234930 - Setting theme
2018-11-17 13:57:07.235929 - Theme requested is dark
2018-11-17 13:57:07.237923 - Response created
2018-11-17 13:57:07.237923 - Cookie set to dark
2018-11-17 13:57:10.486927 - Setting theme
2018-11-17 13:57:10.487914 - Theme requested is red
2018-11-17 13:57:10.488912 - Response created
2018-11-17 13:57:10.489930 - Cookie set to red
2018-11-17 13:57:14.108921 - Setting theme
2018-11-17 13:57:14.109921 - Theme requested is highC
2018-11-17 13:57:14.111918 - Response created
2018-11-17 13:57:14.112928 - Cookie set to highC
2018-11-17 13:58:34.016764 - Getting theme
2018-11-17 13:58:34.020765 - theme cookie is highC
2018-11-17 13:58:37.670520 - Getting theme
2018-11-17 13:58:37.671514 - theme cookie is highC
2018-11-17 13:58:39.962162 - Setting theme
2018-11-17 13:58:39.967146 - Theme requested is blue
2018-11-17 13:58:39.971144 - Response created
2018-11-17 13:58:39.976141 - Cookie set to blue
2018-11-17 13:58:42.174278 - Getting theme
2018-11-17 13:58:42.175276 - theme cookie is blue
2018-11-17 14:50:18.650506 - Getting theme
2018-11-17 14:50:18.658504 - theme cookie is blue
2018-11-17 14:50:27.018233 - Getting theme
2018-11-17 14:50:27.022232 - theme cookie is blue
2018-11-17 14:50:29.629777 - Setting theme
2018-11-17 14:50:29.637783 - Theme requested is dark
2018-11-17 14:50:29.641771 - Response created
2018-11-17 14:50:29.645781 - Cookie set to dark
2018-11-17 14:50:30.658218 - Getting theme
2018-11-17 14:50:30.658218 - theme cookie is dark
2018-11-17 14:50:36.654644 - Getting theme
2018-11-17 14:50:36.654644 - theme cookie is dark
2018-11-17 14:50:39.581676 - Setting theme
2018-11-17 14:50:39.585683 - Theme requested is red
2018-11-17 14:50:39.589680 - Response created
2018-11-17 14:50:39.589680 - Cookie set to red
2018-11-17 14:50:40.785548 - Getting theme
2018-11-17 14:50:40.785548 - theme cookie is red
2018-11-17 14:50:46.102281 - Getting theme
2018-11-17 14:50:46.102281 - theme cookie is red
2018-11-17 14:50:48.697752 - Setting theme
2018-11-17 14:50:48.697752 - Theme requested is highC
2018-11-17 14:50:48.701751 - Response created
2018-11-17 14:50:48.701751 - Cookie set to highC
2018-11-17 14:50:50.986613 - Getting theme
2018-11-17 14:50:50.986613 - theme cookie is highC
2018-11-17 14:52:20.691061 - Getting theme
2018-11-17 14:52:20.691061 - theme cookie is highC
2018-11-17 14:52:26.081104 - Setting theme
2018-11-17 14:52:26.085101 - Theme requested is red
2018-11-17 14:52:26.089097 - Response created
2018-11-17 14:52:26.093084 - Cookie set to red
2018-11-17 14:52:27.397502 - Getting theme
2018-11-17 14:52:27.401501 - theme cookie is red
2018-11-17 14:52:37.575561 - Getting theme
2018-11-17 14:52:37.575561 - theme cookie is red
2018-11-17 14:53:02.696998 - Setting theme
2018-11-17 14:53:02.700981 - Theme requested is dark
2018-11-17 14:53:02.704980 - Response created
2018-11-17 14:53:02.708994 - Cookie set to dark
2018-11-17 14:53:03.812700 - Getting theme
2018-11-17 14:53:03.816696 - theme cookie is dark
2018-11-17 14:54:53.847556 - Getting theme
2018-11-17 14:54:53.847556 - theme cookie is dark
2018-11-17 14:54:55.183529 - Setting theme
2018-11-17 14:54:55.191531 - Theme requested is blue
2018-11-17 14:54:55.195517 - Response created
2018-11-17 14:54:55.199521 - Cookie set to blue
2018-11-17 14:54:58.480196 - Getting theme
2018-11-17 14:54:58.484175 - theme cookie is blue
